2023-09-24T12:48:53.745+05:30  INFO 1100 --- [restartedMain] com.example.demo.DemoApplication         : Starting DemoApplication using Java 17.0.8 with PID 1100 (D:\Assignment-repo\Capstrone\AssessmentBackEnd\demo\target\classes started by Komati Satya in D:\Assignment-repo\Capstrone\AssessmentBackEnd\demo)
2023-09-24T12:48:53.775+05:30  INFO 1100 --- [restartedMain] com.example.demo.DemoApplication         : No active profile set, falling back to 1 default profile: "default"
2023-09-24T12:48:53.906+05:30  INFO 1100 --- [restartedMain] .e.DevToolsPropertyDefaultsPostProcessor : Devtools property defaults active! Set 'spring.devtools.add-properties' to 'false' to disable
2023-09-24T12:48:53.907+05:30  INFO 1100 --- [restartedMain] .e.DevToolsPropertyDefaultsPostProcessor : For additional web related logging consider setting the 'logging.level.web' property to 'DEBUG'
2023-09-24T12:48:55.288+05:30  INFO 1100 --- [restartedMain] .s.d.r.c.RepositoryConfigurationDelegate : Bootstrapping Spring Data JPA repositories in DEFAULT mode.
2023-09-24T12:48:55.488+05:30  INFO 1100 --- [restartedMain] .s.d.r.c.RepositoryConfigurationDelegate : Finished Spring Data repository scanning in 174 ms. Found 6 JPA repository interfaces.
2023-09-24T12:48:56.839+05:30  INFO 1100 --- [restartedMain] o.s.b.w.embedded.tomcat.TomcatWebServer  : Tomcat initialized with port(s): 6002 (http)
2023-09-24T12:48:56.864+05:30  INFO 1100 --- [restartedMain] o.apache.catalina.core.StandardService   : Starting service [Tomcat]
2023-09-24T12:48:56.865+05:30  INFO 1100 --- [restartedMain] o.apache.catalina.core.StandardEngine    : Starting Servlet engine: [Apache Tomcat/10.1.11]
2023-09-24T12:48:57.004+05:30  INFO 1100 --- [restartedMain] o.a.c.c.C.[Tomcat].[localhost].[/]       : Initializing Spring embedded WebApplicationContext
2023-09-24T12:48:57.005+05:30  INFO 1100 --- [restartedMain] w.s.c.ServletWebServerApplicationContext : Root WebApplicationContext: initialization completed in 3095 ms
2023-09-24T12:48:57.317+05:30  INFO 1100 --- [restartedMain] o.hibernate.jpa.internal.util.LogHelper  : HHH000204: Processing PersistenceUnitInfo [name: default]
2023-09-24T12:48:57.430+05:30  INFO 1100 --- [restartedMain] org.hibernate.Version                    : HHH000412: Hibernate ORM core version 6.2.6.Final
2023-09-24T12:48:57.435+05:30  INFO 1100 --- [restartedMain] org.hibernate.cfg.Environment            : HHH000406: Using bytecode reflection optimizer
2023-09-24T12:48:57.700+05:30  INFO 1100 --- [restartedMain] o.h.b.i.BytecodeProviderInitiator        : HHH000021: Bytecode provider name : bytebuddy
2023-09-24T12:48:57.992+05:30  INFO 1100 --- [restartedMain] o.s.o.j.p.SpringPersistenceUnitInfo      : No LoadTimeWeaver setup: ignoring JPA class transformer
2023-09-24T12:48:58.032+05:30  INFO 1100 --- [restartedMain] com.zaxxer.hikari.HikariDataSource       : HikariPool-1 - Starting...
2023-09-24T12:48:58.390+05:30  INFO 1100 --- [restartedMain] com.zaxxer.hikari.pool.HikariPool        : HikariPool-1 - Added connection org.postgresql.jdbc.PgConnection@b291fb8
2023-09-24T12:48:58.394+05:30  INFO 1100 --- [restartedMain] com.zaxxer.hikari.HikariDataSource       : HikariPool-1 - Start completed.
2023-09-24T12:48:59.091+05:30  INFO 1100 --- [restartedMain] o.h.b.i.BytecodeProviderInitiator        : HHH000021: Bytecode provider name : bytebuddy
2023-09-24T12:48:59.593+05:30  WARN 1100 --- [restartedMain] EntityRepresentationStrategyPojoStandard : HHH000305: Could not create proxy factory for:com.example.demo.entity.Quiz

org.hibernate.HibernateException: Getter methods of lazy classes cannot be final: com.example.demo.entity.Quiz#getTimer
	at org.hibernate.proxy.pojo.ProxyFactoryHelper.validateGetterSetterMethodProxyability(ProxyFactoryHelper.java:80) ~[hibernate-core-6.2.6.Final.jar:6.2.6.Final]
	at org.hibernate.metamodel.internal.EntityRepresentationStrategyPojoStandard.createProxyFactory(EntityRepresentationStrategyPojoStandard.java:229) ~[hibernate-core-6.2.6.Final.jar:6.2.6.Final]
	at org.hibernate.metamodel.internal.EntityRepresentationStrategyPojoStandard.<init>(EntityRepresentationStrategyPojoStandard.java:147) ~[hibernate-core-6.2.6.Final.jar:6.2.6.Final]
	at org.hibernate.metamodel.internal.ManagedTypeRepresentationResolverStandard.resolveStrategy(ManagedTypeRepresentationResolverStandard.java:62) ~[hibernate-core-6.2.6.Final.jar:6.2.6.Final]
	at org.hibernate.persister.entity.AbstractEntityPersister.<init>(AbstractEntityPersister.java:508) ~[hibernate-core-6.2.6.Final.jar:6.2.6.Final]
	at org.hibernate.persister.entity.SingleTableEntityPersister.<init>(SingleTableEntityPersister.java:140) ~[hibernate-core-6.2.6.Final.jar:6.2.6.Final]
	at java.base/jdk.internal.reflect.NativeConstructorAccessorImpl.newInstance0(Native Method) ~[na:na]
	at java.base/jdk.internal.reflect.NativeConstructorAccessorImpl.newInstance(NativeConstructorAccessorImpl.java:77) ~[na:na]
	at java.base/jdk.internal.reflect.DelegatingConstructorAccessorImpl.newInstance(DelegatingConstructorAccessorImpl.java:45) ~[na:na]
	at java.base/java.lang.reflect.Constructor.newInstanceWithCaller(Constructor.java:499) ~[na:na]
	at java.base/java.lang.reflect.Constructor.newInstance(Constructor.java:480) ~[na:na]
	at org.hibernate.persister.internal.PersisterFactoryImpl.createEntityPersister(PersisterFactoryImpl.java:92) ~[hibernate-core-6.2.6.Final.jar:6.2.6.Final]
	at org.hibernate.persister.internal.PersisterFactoryImpl.createEntityPersister(PersisterFactoryImpl.java:75) ~[hibernate-core-6.2.6.Final.jar:6.2.6.Final]
	at org.hibernate.metamodel.model.domain.internal.MappingMetamodelImpl.processBootEntities(MappingMetamodelImpl.java:247) ~[hibernate-core-6.2.6.Final.jar:6.2.6.Final]
	at org.hibernate.metamodel.model.domain.internal.MappingMetamodelImpl.finishInitialization(MappingMetamodelImpl.java:185) ~[hibernate-core-6.2.6.Final.jar:6.2.6.Final]
	at org.hibernate.internal.SessionFactoryImpl.initializeMappingModel(SessionFactoryImpl.java:320) ~[hibernate-core-6.2.6.Final.jar:6.2.6.Final]
	at org.hibernate.internal.SessionFactoryImpl.<init>(SessionFactoryImpl.java:270) ~[hibernate-core-6.2.6.Final.jar:6.2.6.Final]
	at org.hibernate.boot.internal.SessionFactoryBuilderImpl.build(SessionFactoryBuilderImpl.java:431) ~[hibernate-core-6.2.6.Final.jar:6.2.6.Final]
	at org.hibernate.jpa.boot.internal.EntityManagerFactoryBuilderImpl.build(EntityManagerFactoryBuilderImpl.java:1455) ~[hibernate-core-6.2.6.Final.jar:6.2.6.Final]
	at org.springframework.orm.jpa.vendor.SpringHibernateJpaPersistenceProvider.createContainerEntityManagerFactory(SpringHibernateJpaPersistenceProvider.java:75) ~[spring-orm-6.0.11.jar:6.0.11]
	at org.springframework.orm.jpa.LocalContainerEntityManagerFactoryBean.createNativeEntityManagerFactory(LocalContainerEntityManagerFactoryBean.java:376) ~[spring-orm-6.0.11.jar:6.0.11]
	at org.springframework.orm.jpa.AbstractEntityManagerFactoryBean.buildNativeEntityManagerFactory(AbstractEntityManagerFactoryBean.java:409) ~[spring-orm-6.0.11.jar:6.0.11]
	at org.springframework.orm.jpa.AbstractEntityManagerFactoryBean.afterPropertiesSet(AbstractEntityManagerFactoryBean.java:396) ~[spring-orm-6.0.11.jar:6.0.11]
	at org.springframework.orm.jpa.LocalContainerEntityManagerFactoryBean.afterPropertiesSet(LocalContainerEntityManagerFactoryBean.java:352) ~[spring-orm-6.0.11.jar:6.0.11]
	at org.springframework.beans.factory.support.AbstractAutowireCapableBeanFactory.invokeInitMethods(AbstractAutowireCapableBeanFactory.java:1817) ~[spring-beans-6.0.11.jar:6.0.11]
	at org.springframework.beans.factory.support.AbstractAutowireCapableBeanFactory.initializeBean(AbstractAutowireCapableBeanFactory.java:1766) ~[spring-beans-6.0.11.jar:6.0.11]
	at org.springframework.beans.factory.support.AbstractAutowireCapableBeanFactory.doCreateBean(AbstractAutowireCapableBeanFactory.java:598) ~[spring-beans-6.0.11.jar:6.0.11]
	at org.springframework.beans.factory.support.AbstractAutowireCapableBeanFactory.createBean(AbstractAutowireCapableBeanFactory.java:520) ~[spring-beans-6.0.11.jar:6.0.11]
	at org.springframework.beans.factory.support.AbstractBeanFactory.lambda$doGetBean$0(AbstractBeanFactory.java:326) ~[spring-beans-6.0.11.jar:6.0.11]
	at org.springframework.beans.factory.support.DefaultSingletonBeanRegistry.getSingleton(DefaultSingletonBeanRegistry.java:234) ~[spring-beans-6.0.11.jar:6.0.11]
	at org.springframework.beans.factory.support.AbstractBeanFactory.doGetBean(AbstractBeanFactory.java:324) ~[spring-beans-6.0.11.jar:6.0.11]
	at org.springframework.beans.factory.support.AbstractBeanFactory.getBean(AbstractBeanFactory.java:200) ~[spring-beans-6.0.11.jar:6.0.11]
	at org.springframework.context.support.AbstractApplicationContext.getBean(AbstractApplicationContext.java:1155) ~[spring-context-6.0.11.jar:6.0.11]
	at org.springframework.context.support.AbstractApplicationContext.finishBeanFactoryInitialization(AbstractApplicationContext.java:932) ~[spring-context-6.0.11.jar:6.0.11]
	at org.springframework.context.support.AbstractApplicationContext.refresh(AbstractApplicationContext.java:608) ~[spring-context-6.0.11.jar:6.0.11]
	at org.springframework.boot.web.servlet.context.ServletWebServerApplicationContext.refresh(ServletWebServerApplicationContext.java:146) ~[spring-boot-3.1.2.jar:3.1.2]
	at org.springframework.boot.SpringApplication.refresh(SpringApplication.java:734) ~[spring-boot-3.1.2.jar:3.1.2]
	at org.springframework.boot.SpringApplication.refreshContext(SpringApplication.java:436) ~[spring-boot-3.1.2.jar:3.1.2]
	at org.springframework.boot.SpringApplication.run(SpringApplication.java:312) ~[spring-boot-3.1.2.jar:3.1.2]
	at org.springframework.boot.SpringApplication.run(SpringApplication.java:1306) ~[spring-boot-3.1.2.jar:3.1.2]
	at org.springframework.boot.SpringApplication.run(SpringApplication.java:1295) ~[spring-boot-3.1.2.jar:3.1.2]
	at com.example.demo.DemoApplication.run(DemoApplication.java:15) ~[classes/:na]
	at com.example.demo.DemoApplication.main(DemoApplication.java:22) ~[classes/:na]
	at java.base/jdk.internal.reflect.NativeMethodAccessorImpl.invoke0(Native Method) ~[na:na]
	at java.base/jdk.internal.reflect.NativeMethodAccessorImpl.invoke(NativeMethodAccessorImpl.java:77) ~[na:na]
	at java.base/jdk.internal.reflect.DelegatingMethodAccessorImpl.invoke(DelegatingMethodAccessorImpl.java:43) ~[na:na]
	at java.base/java.lang.reflect.Method.invoke(Method.java:568) ~[na:na]
	at org.springframework.boot.devtools.restart.RestartLauncher.run(RestartLauncher.java:50) ~[spring-boot-devtools-3.1.2.jar:3.1.2]

2023-09-24T12:48:59.819+05:30  WARN 1100 --- [restartedMain] EntityRepresentationStrategyPojoStandard : HHH000305: Could not create proxy factory for:com.example.demo.entity.StudentResult

org.hibernate.HibernateException: Getter methods of lazy classes cannot be final: com.example.demo.entity.StudentResult#getAttemptedQuestions
	at org.hibernate.proxy.pojo.ProxyFactoryHelper.validateGetterSetterMethodProxyability(ProxyFactoryHelper.java:80) ~[hibernate-core-6.2.6.Final.jar:6.2.6.Final]
	at org.hibernate.metamodel.internal.EntityRepresentationStrategyPojoStandard.createProxyFactory(EntityRepresentationStrategyPojoStandard.java:229) ~[hibernate-core-6.2.6.Final.jar:6.2.6.Final]
	at org.hibernate.metamodel.internal.EntityRepresentationStrategyPojoStandard.<init>(EntityRepresentationStrategyPojoStandard.java:147) ~[hibernate-core-6.2.6.Final.jar:6.2.6.Final]
	at org.hibernate.metamodel.internal.ManagedTypeRepresentationResolverStandard.resolveStrategy(ManagedTypeRepresentationResolverStandard.java:62) ~[hibernate-core-6.2.6.Final.jar:6.2.6.Final]
	at org.hibernate.persister.entity.AbstractEntityPersister.<init>(AbstractEntityPersister.java:508) ~[hibernate-core-6.2.6.Final.jar:6.2.6.Final]
	at org.hibernate.persister.entity.SingleTableEntityPersister.<init>(SingleTableEntityPersister.java:140) ~[hibernate-core-6.2.6.Final.jar:6.2.6.Final]
	at java.base/jdk.internal.reflect.NativeConstructorAccessorImpl.newInstance0(Native Method) ~[na:na]
	at java.base/jdk.internal.reflect.NativeConstructorAccessorImpl.newInstance(NativeConstructorAccessorImpl.java:77) ~[na:na]
	at java.base/jdk.internal.reflect.DelegatingConstructorAccessorImpl.newInstance(DelegatingConstructorAccessorImpl.java:45) ~[na:na]
	at java.base/java.lang.reflect.Constructor.newInstanceWithCaller(Constructor.java:499) ~[na:na]
	at java.base/java.lang.reflect.Constructor.newInstance(Constructor.java:480) ~[na:na]
	at org.hibernate.persister.internal.PersisterFactoryImpl.createEntityPersister(PersisterFactoryImpl.java:92) ~[hibernate-core-6.2.6.Final.jar:6.2.6.Final]
	at org.hibernate.persister.internal.PersisterFactoryImpl.createEntityPersister(PersisterFactoryImpl.java:75) ~[hibernate-core-6.2.6.Final.jar:6.2.6.Final]
	at org.hibernate.metamodel.model.domain.internal.MappingMetamodelImpl.processBootEntities(MappingMetamodelImpl.java:247) ~[hibernate-core-6.2.6.Final.jar:6.2.6.Final]
	at org.hibernate.metamodel.model.domain.internal.MappingMetamodelImpl.finishInitialization(MappingMetamodelImpl.java:185) ~[hibernate-core-6.2.6.Final.jar:6.2.6.Final]
	at org.hibernate.internal.SessionFactoryImpl.initializeMappingModel(SessionFactoryImpl.java:320) ~[hibernate-core-6.2.6.Final.jar:6.2.6.Final]
	at org.hibernate.internal.SessionFactoryImpl.<init>(SessionFactoryImpl.java:270) ~[hibernate-core-6.2.6.Final.jar:6.2.6.Final]
	at org.hibernate.boot.internal.SessionFactoryBuilderImpl.build(SessionFactoryBuilderImpl.java:431) ~[hibernate-core-6.2.6.Final.jar:6.2.6.Final]
	at org.hibernate.jpa.boot.internal.EntityManagerFactoryBuilderImpl.build(EntityManagerFactoryBuilderImpl.java:1455) ~[hibernate-core-6.2.6.Final.jar:6.2.6.Final]
	at org.springframework.orm.jpa.vendor.SpringHibernateJpaPersistenceProvider.createContainerEntityManagerFactory(SpringHibernateJpaPersistenceProvider.java:75) ~[spring-orm-6.0.11.jar:6.0.11]
	at org.springframework.orm.jpa.LocalContainerEntityManagerFactoryBean.createNativeEntityManagerFactory(LocalContainerEntityManagerFactoryBean.java:376) ~[spring-orm-6.0.11.jar:6.0.11]
	at org.springframework.orm.jpa.AbstractEntityManagerFactoryBean.buildNativeEntityManagerFactory(AbstractEntityManagerFactoryBean.java:409) ~[spring-orm-6.0.11.jar:6.0.11]
	at org.springframework.orm.jpa.AbstractEntityManagerFactoryBean.afterPropertiesSet(AbstractEntityManagerFactoryBean.java:396) ~[spring-orm-6.0.11.jar:6.0.11]
	at org.springframework.orm.jpa.LocalContainerEntityManagerFactoryBean.afterPropertiesSet(LocalContainerEntityManagerFactoryBean.java:352) ~[spring-orm-6.0.11.jar:6.0.11]
	at org.springframework.beans.factory.support.AbstractAutowireCapableBeanFactory.invokeInitMethods(AbstractAutowireCapableBeanFactory.java:1817) ~[spring-beans-6.0.11.jar:6.0.11]
	at org.springframework.beans.factory.support.AbstractAutowireCapableBeanFactory.initializeBean(AbstractAutowireCapableBeanFactory.java:1766) ~[spring-beans-6.0.11.jar:6.0.11]
	at org.springframework.beans.factory.support.AbstractAutowireCapableBeanFactory.doCreateBean(AbstractAutowireCapableBeanFactory.java:598) ~[spring-beans-6.0.11.jar:6.0.11]
	at org.springframework.beans.factory.support.AbstractAutowireCapableBeanFactory.createBean(AbstractAutowireCapableBeanFactory.java:520) ~[spring-beans-6.0.11.jar:6.0.11]
	at org.springframework.beans.factory.support.AbstractBeanFactory.lambda$doGetBean$0(AbstractBeanFactory.java:326) ~[spring-beans-6.0.11.jar:6.0.11]
	at org.springframework.beans.factory.support.DefaultSingletonBeanRegistry.getSingleton(DefaultSingletonBeanRegistry.java:234) ~[spring-beans-6.0.11.jar:6.0.11]
	at org.springframework.beans.factory.support.AbstractBeanFactory.doGetBean(AbstractBeanFactory.java:324) ~[spring-beans-6.0.11.jar:6.0.11]
	at org.springframework.beans.factory.support.AbstractBeanFactory.getBean(AbstractBeanFactory.java:200) ~[spring-beans-6.0.11.jar:6.0.11]
	at org.springframework.context.support.AbstractApplicationContext.getBean(AbstractApplicationContext.java:1155) ~[spring-context-6.0.11.jar:6.0.11]
	at org.springframework.context.support.AbstractApplicationContext.finishBeanFactoryInitialization(AbstractApplicationContext.java:932) ~[spring-context-6.0.11.jar:6.0.11]
	at org.springframework.context.support.AbstractApplicationContext.refresh(AbstractApplicationContext.java:608) ~[spring-context-6.0.11.jar:6.0.11]
	at org.springframework.boot.web.servlet.context.ServletWebServerApplicationContext.refresh(ServletWebServerApplicationContext.java:146) ~[spring-boot-3.1.2.jar:3.1.2]
	at org.springframework.boot.SpringApplication.refresh(SpringApplication.java:734) ~[spring-boot-3.1.2.jar:3.1.2]
	at org.springframework.boot.SpringApplication.refreshContext(SpringApplication.java:436) ~[spring-boot-3.1.2.jar:3.1.2]
	at org.springframework.boot.SpringApplication.run(SpringApplication.java:312) ~[spring-boot-3.1.2.jar:3.1.2]
	at org.springframework.boot.SpringApplication.run(SpringApplication.java:1306) ~[spring-boot-3.1.2.jar:3.1.2]
	at org.springframework.boot.SpringApplication.run(SpringApplication.java:1295) ~[spring-boot-3.1.2.jar:3.1.2]
	at com.example.demo.DemoApplication.run(DemoApplication.java:15) ~[classes/:na]
	at com.example.demo.DemoApplication.main(DemoApplication.java:22) ~[classes/:na]
	at java.base/jdk.internal.reflect.NativeMethodAccessorImpl.invoke0(Native Method) ~[na:na]
	at java.base/jdk.internal.reflect.NativeMethodAccessorImpl.invoke(NativeMethodAccessorImpl.java:77) ~[na:na]
	at java.base/jdk.internal.reflect.DelegatingMethodAccessorImpl.invoke(DelegatingMethodAccessorImpl.java:43) ~[na:na]
	at java.base/java.lang.reflect.Method.invoke(Method.java:568) ~[na:na]
	at org.springframework.boot.devtools.restart.RestartLauncher.run(RestartLauncher.java:50) ~[spring-boot-devtools-3.1.2.jar:3.1.2]

2023-09-24T12:48:59.960+05:30  WARN 1100 --- [restartedMain] EntityRepresentationStrategyPojoStandard : HHH000305: Could not create proxy factory for:com.example.demo.entity.Questions

org.hibernate.HibernateException: Getter methods of lazy classes cannot be final: com.example.demo.entity.Questions#getQui
	at org.hibernate.proxy.pojo.ProxyFactoryHelper.validateGetterSetterMethodProxyability(ProxyFactoryHelper.java:80) ~[hibernate-core-6.2.6.Final.jar:6.2.6.Final]
	at org.hibernate.metamodel.internal.EntityRepresentationStrategyPojoStandard.createProxyFactory(EntityRepresentationStrategyPojoStandard.java:229) ~[hibernate-core-6.2.6.Final.jar:6.2.6.Final]
	at org.hibernate.metamodel.internal.EntityRepresentationStrategyPojoStandard.<init>(EntityRepresentationStrategyPojoStandard.java:147) ~[hibernate-core-6.2.6.Final.jar:6.2.6.Final]
	at org.hibernate.metamodel.internal.ManagedTypeRepresentationResolverStandard.resolveStrategy(ManagedTypeRepresentationResolverStandard.java:62) ~[hibernate-core-6.2.6.Final.jar:6.2.6.Final]
	at org.hibernate.persister.entity.AbstractEntityPersister.<init>(AbstractEntityPersister.java:508) ~[hibernate-core-6.2.6.Final.jar:6.2.6.Final]
	at org.hibernate.persister.entity.SingleTableEntityPersister.<init>(SingleTableEntityPersister.java:140) ~[hibernate-core-6.2.6.Final.jar:6.2.6.Final]
	at java.base/jdk.internal.reflect.NativeConstructorAccessorImpl.newInstance0(Native Method) ~[na:na]
	at java.base/jdk.internal.reflect.NativeConstructorAccessorImpl.newInstance(NativeConstructorAccessorImpl.java:77) ~[na:na]
	at java.base/jdk.internal.reflect.DelegatingConstructorAccessorImpl.newInstance(DelegatingConstructorAccessorImpl.java:45) ~[na:na]
	at java.base/java.lang.reflect.Constructor.newInstanceWithCaller(Constructor.java:499) ~[na:na]
	at java.base/java.lang.reflect.Constructor.newInstance(Constructor.java:480) ~[na:na]
	at org.hibernate.persister.internal.PersisterFactoryImpl.createEntityPersister(PersisterFactoryImpl.java:92) ~[hibernate-core-6.2.6.Final.jar:6.2.6.Final]
	at org.hibernate.persister.internal.PersisterFactoryImpl.createEntityPersister(PersisterFactoryImpl.java:75) ~[hibernate-core-6.2.6.Final.jar:6.2.6.Final]
	at org.hibernate.metamodel.model.domain.internal.MappingMetamodelImpl.processBootEntities(MappingMetamodelImpl.java:247) ~[hibernate-core-6.2.6.Final.jar:6.2.6.Final]
	at org.hibernate.metamodel.model.domain.internal.MappingMetamodelImpl.finishInitialization(MappingMetamodelImpl.java:185) ~[hibernate-core-6.2.6.Final.jar:6.2.6.Final]
	at org.hibernate.internal.SessionFactoryImpl.initializeMappingModel(SessionFactoryImpl.java:320) ~[hibernate-core-6.2.6.Final.jar:6.2.6.Final]
	at org.hibernate.internal.SessionFactoryImpl.<init>(SessionFactoryImpl.java:270) ~[hibernate-core-6.2.6.Final.jar:6.2.6.Final]
	at org.hibernate.boot.internal.SessionFactoryBuilderImpl.build(SessionFactoryBuilderImpl.java:431) ~[hibernate-core-6.2.6.Final.jar:6.2.6.Final]
	at org.hibernate.jpa.boot.internal.EntityManagerFactoryBuilderImpl.build(EntityManagerFactoryBuilderImpl.java:1455) ~[hibernate-core-6.2.6.Final.jar:6.2.6.Final]
	at org.springframework.orm.jpa.vendor.SpringHibernateJpaPersistenceProvider.createContainerEntityManagerFactory(SpringHibernateJpaPersistenceProvider.java:75) ~[spring-orm-6.0.11.jar:6.0.11]
	at org.springframework.orm.jpa.LocalContainerEntityManagerFactoryBean.createNativeEntityManagerFactory(LocalContainerEntityManagerFactoryBean.java:376) ~[spring-orm-6.0.11.jar:6.0.11]
	at org.springframework.orm.jpa.AbstractEntityManagerFactoryBean.buildNativeEntityManagerFactory(AbstractEntityManagerFactoryBean.java:409) ~[spring-orm-6.0.11.jar:6.0.11]
	at org.springframework.orm.jpa.AbstractEntityManagerFactoryBean.afterPropertiesSet(AbstractEntityManagerFactoryBean.java:396) ~[spring-orm-6.0.11.jar:6.0.11]
	at org.springframework.orm.jpa.LocalContainerEntityManagerFactoryBean.afterPropertiesSet(LocalContainerEntityManagerFactoryBean.java:352) ~[spring-orm-6.0.11.jar:6.0.11]
	at org.springframework.beans.factory.support.AbstractAutowireCapableBeanFactory.invokeInitMethods(AbstractAutowireCapableBeanFactory.java:1817) ~[spring-beans-6.0.11.jar:6.0.11]
	at org.springframework.beans.factory.support.AbstractAutowireCapableBeanFactory.initializeBean(AbstractAutowireCapableBeanFactory.java:1766) ~[spring-beans-6.0.11.jar:6.0.11]
	at org.springframework.beans.factory.support.AbstractAutowireCapableBeanFactory.doCreateBean(AbstractAutowireCapableBeanFactory.java:598) ~[spring-beans-6.0.11.jar:6.0.11]
	at org.springframework.beans.factory.support.AbstractAutowireCapableBeanFactory.createBean(AbstractAutowireCapableBeanFactory.java:520) ~[spring-beans-6.0.11.jar:6.0.11]
	at org.springframework.beans.factory.support.AbstractBeanFactory.lambda$doGetBean$0(AbstractBeanFactory.java:326) ~[spring-beans-6.0.11.jar:6.0.11]
	at org.springframework.beans.factory.support.DefaultSingletonBeanRegistry.getSingleton(DefaultSingletonBeanRegistry.java:234) ~[spring-beans-6.0.11.jar:6.0.11]
	at org.springframework.beans.factory.support.AbstractBeanFactory.doGetBean(AbstractBeanFactory.java:324) ~[spring-beans-6.0.11.jar:6.0.11]
	at org.springframework.beans.factory.support.AbstractBeanFactory.getBean(AbstractBeanFactory.java:200) ~[spring-beans-6.0.11.jar:6.0.11]
	at org.springframework.context.support.AbstractApplicationContext.getBean(AbstractApplicationContext.java:1155) ~[spring-context-6.0.11.jar:6.0.11]
	at org.springframework.context.support.AbstractApplicationContext.finishBeanFactoryInitialization(AbstractApplicationContext.java:932) ~[spring-context-6.0.11.jar:6.0.11]
	at org.springframework.context.support.AbstractApplicationContext.refresh(AbstractApplicationContext.java:608) ~[spring-context-6.0.11.jar:6.0.11]
	at org.springframework.boot.web.servlet.context.ServletWebServerApplicationContext.refresh(ServletWebServerApplicationContext.java:146) ~[spring-boot-3.1.2.jar:3.1.2]
	at org.springframework.boot.SpringApplication.refresh(SpringApplication.java:734) ~[spring-boot-3.1.2.jar:3.1.2]
	at org.springframework.boot.SpringApplication.refreshContext(SpringApplication.java:436) ~[spring-boot-3.1.2.jar:3.1.2]
	at org.springframework.boot.SpringApplication.run(SpringApplication.java:312) ~[spring-boot-3.1.2.jar:3.1.2]
	at org.springframework.boot.SpringApplication.run(SpringApplication.java:1306) ~[spring-boot-3.1.2.jar:3.1.2]
	at org.springframework.boot.SpringApplication.run(SpringApplication.java:1295) ~[spring-boot-3.1.2.jar:3.1.2]
	at com.example.demo.DemoApplication.run(DemoApplication.java:15) ~[classes/:na]
	at com.example.demo.DemoApplication.main(DemoApplication.java:22) ~[classes/:na]
	at java.base/jdk.internal.reflect.NativeMethodAccessorImpl.invoke0(Native Method) ~[na:na]
	at java.base/jdk.internal.reflect.NativeMethodAccessorImpl.invoke(NativeMethodAccessorImpl.java:77) ~[na:na]
	at java.base/jdk.internal.reflect.DelegatingMethodAccessorImpl.invoke(DelegatingMethodAccessorImpl.java:43) ~[na:na]
	at java.base/java.lang.reflect.Method.invoke(Method.java:568) ~[na:na]
	at org.springframework.boot.devtools.restart.RestartLauncher.run(RestartLauncher.java:50) ~[spring-boot-devtools-3.1.2.jar:3.1.2]

2023-09-24T12:48:59.970+05:30  WARN 1100 --- [restartedMain] EntityRepresentationStrategyPojoStandard : HHH000305: Could not create proxy factory for:com.example.demo.entity.Category

org.hibernate.HibernateException: Getter methods of lazy classes cannot be final: com.example.demo.entity.Category#getCategoryDescription
	at org.hibernate.proxy.pojo.ProxyFactoryHelper.validateGetterSetterMethodProxyability(ProxyFactoryHelper.java:80) ~[hibernate-core-6.2.6.Final.jar:6.2.6.Final]
	at org.hibernate.metamodel.internal.EntityRepresentationStrategyPojoStandard.createProxyFactory(EntityRepresentationStrategyPojoStandard.java:229) ~[hibernate-core-6.2.6.Final.jar:6.2.6.Final]
	at org.hibernate.metamodel.internal.EntityRepresentationStrategyPojoStandard.<init>(EntityRepresentationStrategyPojoStandard.java:147) ~[hibernate-core-6.2.6.Final.jar:6.2.6.Final]
	at org.hibernate.metamodel.internal.ManagedTypeRepresentationResolverStandard.resolveStrategy(ManagedTypeRepresentationResolverStandard.java:62) ~[hibernate-core-6.2.6.Final.jar:6.2.6.Final]
	at org.hibernate.persister.entity.AbstractEntityPersister.<init>(AbstractEntityPersister.java:508) ~[hibernate-core-6.2.6.Final.jar:6.2.6.Final]
	at org.hibernate.persister.entity.SingleTableEntityPersister.<init>(SingleTableEntityPersister.java:140) ~[hibernate-core-6.2.6.Final.jar:6.2.6.Final]
	at java.base/jdk.internal.reflect.NativeConstructorAccessorImpl.newInstance0(Native Method) ~[na:na]
	at java.base/jdk.internal.reflect.NativeConstructorAccessorImpl.newInstance(NativeConstructorAccessorImpl.java:77) ~[na:na]
	at java.base/jdk.internal.reflect.DelegatingConstructorAccessorImpl.newInstance(DelegatingConstructorAccessorImpl.java:45) ~[na:na]
	at java.base/java.lang.reflect.Constructor.newInstanceWithCaller(Constructor.java:499) ~[na:na]
	at java.base/java.lang.reflect.Constructor.newInstance(Constructor.java:480) ~[na:na]
	at org.hibernate.persister.internal.PersisterFactoryImpl.createEntityPersister(PersisterFactoryImpl.java:92) ~[hibernate-core-6.2.6.Final.jar:6.2.6.Final]
	at org.hibernate.persister.internal.PersisterFactoryImpl.createEntityPersister(PersisterFactoryImpl.java:75) ~[hibernate-core-6.2.6.Final.jar:6.2.6.Final]
	at org.hibernate.metamodel.model.domain.internal.MappingMetamodelImpl.processBootEntities(MappingMetamodelImpl.java:247) ~[hibernate-core-6.2.6.Final.jar:6.2.6.Final]
	at org.hibernate.metamodel.model.domain.internal.MappingMetamodelImpl.finishInitialization(MappingMetamodelImpl.java:185) ~[hibernate-core-6.2.6.Final.jar:6.2.6.Final]
	at org.hibernate.internal.SessionFactoryImpl.initializeMappingModel(SessionFactoryImpl.java:320) ~[hibernate-core-6.2.6.Final.jar:6.2.6.Final]
	at org.hibernate.internal.SessionFactoryImpl.<init>(SessionFactoryImpl.java:270) ~[hibernate-core-6.2.6.Final.jar:6.2.6.Final]
	at org.hibernate.boot.internal.SessionFactoryBuilderImpl.build(SessionFactoryBuilderImpl.java:431) ~[hibernate-core-6.2.6.Final.jar:6.2.6.Final]
	at org.hibernate.jpa.boot.internal.EntityManagerFactoryBuilderImpl.build(EntityManagerFactoryBuilderImpl.java:1455) ~[hibernate-core-6.2.6.Final.jar:6.2.6.Final]
	at org.springframework.orm.jpa.vendor.SpringHibernateJpaPersistenceProvider.createContainerEntityManagerFactory(SpringHibernateJpaPersistenceProvider.java:75) ~[spring-orm-6.0.11.jar:6.0.11]
	at org.springframework.orm.jpa.LocalContainerEntityManagerFactoryBean.createNativeEntityManagerFactory(LocalContainerEntityManagerFactoryBean.java:376) ~[spring-orm-6.0.11.jar:6.0.11]
	at org.springframework.orm.jpa.AbstractEntityManagerFactoryBean.buildNativeEntityManagerFactory(AbstractEntityManagerFactoryBean.java:409) ~[spring-orm-6.0.11.jar:6.0.11]
	at org.springframework.orm.jpa.AbstractEntityManagerFactoryBean.afterPropertiesSet(AbstractEntityManagerFactoryBean.java:396) ~[spring-orm-6.0.11.jar:6.0.11]
	at org.springframework.orm.jpa.LocalContainerEntityManagerFactoryBean.afterPropertiesSet(LocalContainerEntityManagerFactoryBean.java:352) ~[spring-orm-6.0.11.jar:6.0.11]
	at org.springframework.beans.factory.support.AbstractAutowireCapableBeanFactory.invokeInitMethods(AbstractAutowireCapableBeanFactory.java:1817) ~[spring-beans-6.0.11.jar:6.0.11]
	at org.springframework.beans.factory.support.AbstractAutowireCapableBeanFactory.initializeBean(AbstractAutowireCapableBeanFactory.java:1766) ~[spring-beans-6.0.11.jar:6.0.11]
	at org.springframework.beans.factory.support.AbstractAutowireCapableBeanFactory.doCreateBean(AbstractAutowireCapableBeanFactory.java:598) ~[spring-beans-6.0.11.jar:6.0.11]
	at org.springframework.beans.factory.support.AbstractAutowireCapableBeanFactory.createBean(AbstractAutowireCapableBeanFactory.java:520) ~[spring-beans-6.0.11.jar:6.0.11]
	at org.springframework.beans.factory.support.AbstractBeanFactory.lambda$doGetBean$0(AbstractBeanFactory.java:326) ~[spring-beans-6.0.11.jar:6.0.11]
	at org.springframework.beans.factory.support.DefaultSingletonBeanRegistry.getSingleton(DefaultSingletonBeanRegistry.java:234) ~[spring-beans-6.0.11.jar:6.0.11]
	at org.springframework.beans.factory.support.AbstractBeanFactory.doGetBean(AbstractBeanFactory.java:324) ~[spring-beans-6.0.11.jar:6.0.11]
	at org.springframework.beans.factory.support.AbstractBeanFactory.getBean(AbstractBeanFactory.java:200) ~[spring-beans-6.0.11.jar:6.0.11]
	at org.springframework.context.support.AbstractApplicationContext.getBean(AbstractApplicationContext.java:1155) ~[spring-context-6.0.11.jar:6.0.11]
	at org.springframework.context.support.AbstractApplicationContext.finishBeanFactoryInitialization(AbstractApplicationContext.java:932) ~[spring-context-6.0.11.jar:6.0.11]
	at org.springframework.context.support.AbstractApplicationContext.refresh(AbstractApplicationContext.java:608) ~[spring-context-6.0.11.jar:6.0.11]
	at org.springframework.boot.web.servlet.context.ServletWebServerApplicationContext.refresh(ServletWebServerApplicationContext.java:146) ~[spring-boot-3.1.2.jar:3.1.2]
	at org.springframework.boot.SpringApplication.refresh(SpringApplication.java:734) ~[spring-boot-3.1.2.jar:3.1.2]
	at org.springframework.boot.SpringApplication.refreshContext(SpringApplication.java:436) ~[spring-boot-3.1.2.jar:3.1.2]
	at org.springframework.boot.SpringApplication.run(SpringApplication.java:312) ~[spring-boot-3.1.2.jar:3.1.2]
	at org.springframework.boot.SpringApplication.run(SpringApplication.java:1306) ~[spring-boot-3.1.2.jar:3.1.2]
	at org.springframework.boot.SpringApplication.run(SpringApplication.java:1295) ~[spring-boot-3.1.2.jar:3.1.2]
	at com.example.demo.DemoApplication.run(DemoApplication.java:15) ~[classes/:na]
	at com.example.demo.DemoApplication.main(DemoApplication.java:22) ~[classes/:na]
	at java.base/jdk.internal.reflect.NativeMethodAccessorImpl.invoke0(Native Method) ~[na:na]
	at java.base/jdk.internal.reflect.NativeMethodAccessorImpl.invoke(NativeMethodAccessorImpl.java:77) ~[na:na]
	at java.base/jdk.internal.reflect.DelegatingMethodAccessorImpl.invoke(DelegatingMethodAccessorImpl.java:43) ~[na:na]
	at java.base/java.lang.reflect.Method.invoke(Method.java:568) ~[na:na]
	at org.springframework.boot.devtools.restart.RestartLauncher.run(RestartLauncher.java:50) ~[spring-boot-devtools-3.1.2.jar:3.1.2]

2023-09-24T12:48:59.980+05:30  WARN 1100 --- [restartedMain] EntityRepresentationStrategyPojoStandard : HHH000305: Could not create proxy factory for:com.example.demo.entity.Student

org.hibernate.HibernateException: Getter methods of lazy classes cannot be final: com.example.demo.entity.Student#getDateOfBirth
	at org.hibernate.proxy.pojo.ProxyFactoryHelper.validateGetterSetterMethodProxyability(ProxyFactoryHelper.java:80) ~[hibernate-core-6.2.6.Final.jar:6.2.6.Final]
	at org.hibernate.metamodel.internal.EntityRepresentationStrategyPojoStandard.createProxyFactory(EntityRepresentationStrategyPojoStandard.java:229) ~[hibernate-core-6.2.6.Final.jar:6.2.6.Final]
	at org.hibernate.metamodel.internal.EntityRepresentationStrategyPojoStandard.<init>(EntityRepresentationStrategyPojoStandard.java:147) ~[hibernate-core-6.2.6.Final.jar:6.2.6.Final]
	at org.hibernate.metamodel.internal.ManagedTypeRepresentationResolverStandard.resolveStrategy(ManagedTypeRepresentationResolverStandard.java:62) ~[hibernate-core-6.2.6.Final.jar:6.2.6.Final]
	at org.hibernate.persister.entity.AbstractEntityPersister.<init>(AbstractEntityPersister.java:508) ~[hibernate-core-6.2.6.Final.jar:6.2.6.Final]
	at org.hibernate.persister.entity.SingleTableEntityPersister.<init>(SingleTableEntityPersister.java:140) ~[hibernate-core-6.2.6.Final.jar:6.2.6.Final]
	at java.base/jdk.internal.reflect.NativeConstructorAccessorImpl.newInstance0(Native Method) ~[na:na]
	at java.base/jdk.internal.reflect.NativeConstructorAccessorImpl.newInstance(NativeConstructorAccessorImpl.java:77) ~[na:na]
	at java.base/jdk.internal.reflect.DelegatingConstructorAccessorImpl.newInstance(DelegatingConstructorAccessorImpl.java:45) ~[na:na]
	at java.base/java.lang.reflect.Constructor.newInstanceWithCaller(Constructor.java:499) ~[na:na]
	at java.base/java.lang.reflect.Constructor.newInstance(Constructor.java:480) ~[na:na]
	at org.hibernate.persister.internal.PersisterFactoryImpl.createEntityPersister(PersisterFactoryImpl.java:92) ~[hibernate-core-6.2.6.Final.jar:6.2.6.Final]
	at org.hibernate.persister.internal.PersisterFactoryImpl.createEntityPersister(PersisterFactoryImpl.java:75) ~[hibernate-core-6.2.6.Final.jar:6.2.6.Final]
	at org.hibernate.metamodel.model.domain.internal.MappingMetamodelImpl.processBootEntities(MappingMetamodelImpl.java:247) ~[hibernate-core-6.2.6.Final.jar:6.2.6.Final]
	at org.hibernate.metamodel.model.domain.internal.MappingMetamodelImpl.finishInitialization(MappingMetamodelImpl.java:185) ~[hibernate-core-6.2.6.Final.jar:6.2.6.Final]
	at org.hibernate.internal.SessionFactoryImpl.initializeMappingModel(SessionFactoryImpl.java:320) ~[hibernate-core-6.2.6.Final.jar:6.2.6.Final]
	at org.hibernate.internal.SessionFactoryImpl.<init>(SessionFactoryImpl.java:270) ~[hibernate-core-6.2.6.Final.jar:6.2.6.Final]
	at org.hibernate.boot.internal.SessionFactoryBuilderImpl.build(SessionFactoryBuilderImpl.java:431) ~[hibernate-core-6.2.6.Final.jar:6.2.6.Final]
	at org.hibernate.jpa.boot.internal.EntityManagerFactoryBuilderImpl.build(EntityManagerFactoryBuilderImpl.java:1455) ~[hibernate-core-6.2.6.Final.jar:6.2.6.Final]
	at org.springframework.orm.jpa.vendor.SpringHibernateJpaPersistenceProvider.createContainerEntityManagerFactory(SpringHibernateJpaPersistenceProvider.java:75) ~[spring-orm-6.0.11.jar:6.0.11]
	at org.springframework.orm.jpa.LocalContainerEntityManagerFactoryBean.createNativeEntityManagerFactory(LocalContainerEntityManagerFactoryBean.java:376) ~[spring-orm-6.0.11.jar:6.0.11]
	at org.springframework.orm.jpa.AbstractEntityManagerFactoryBean.buildNativeEntityManagerFactory(AbstractEntityManagerFactoryBean.java:409) ~[spring-orm-6.0.11.jar:6.0.11]
	at org.springframework.orm.jpa.AbstractEntityManagerFactoryBean.afterPropertiesSet(AbstractEntityManagerFactoryBean.java:396) ~[spring-orm-6.0.11.jar:6.0.11]
	at org.springframework.orm.jpa.LocalContainerEntityManagerFactoryBean.afterPropertiesSet(LocalContainerEntityManagerFactoryBean.java:352) ~[spring-orm-6.0.11.jar:6.0.11]
	at org.springframework.beans.factory.support.AbstractAutowireCapableBeanFactory.invokeInitMethods(AbstractAutowireCapableBeanFactory.java:1817) ~[spring-beans-6.0.11.jar:6.0.11]
	at org.springframework.beans.factory.support.AbstractAutowireCapableBeanFactory.initializeBean(AbstractAutowireCapableBeanFactory.java:1766) ~[spring-beans-6.0.11.jar:6.0.11]
	at org.springframework.beans.factory.support.AbstractAutowireCapableBeanFactory.doCreateBean(AbstractAutowireCapableBeanFactory.java:598) ~[spring-beans-6.0.11.jar:6.0.11]
	at org.springframework.beans.factory.support.AbstractAutowireCapableBeanFactory.createBean(AbstractAutowireCapableBeanFactory.java:520) ~[spring-beans-6.0.11.jar:6.0.11]
	at org.springframework.beans.factory.support.AbstractBeanFactory.lambda$doGetBean$0(AbstractBeanFactory.java:326) ~[spring-beans-6.0.11.jar:6.0.11]
	at org.springframework.beans.factory.support.DefaultSingletonBeanRegistry.getSingleton(DefaultSingletonBeanRegistry.java:234) ~[spring-beans-6.0.11.jar:6.0.11]
	at org.springframework.beans.factory.support.AbstractBeanFactory.doGetBean(AbstractBeanFactory.java:324) ~[spring-beans-6.0.11.jar:6.0.11]
	at org.springframework.beans.factory.support.AbstractBeanFactory.getBean(AbstractBeanFactory.java:200) ~[spring-beans-6.0.11.jar:6.0.11]
	at org.springframework.context.support.AbstractApplicationContext.getBean(AbstractApplicationContext.java:1155) ~[spring-context-6.0.11.jar:6.0.11]
	at org.springframework.context.support.AbstractApplicationContext.finishBeanFactoryInitialization(AbstractApplicationContext.java:932) ~[spring-context-6.0.11.jar:6.0.11]
	at org.springframework.context.support.AbstractApplicationContext.refresh(AbstractApplicationContext.java:608) ~[spring-context-6.0.11.jar:6.0.11]
	at org.springframework.boot.web.servlet.context.ServletWebServerApplicationContext.refresh(ServletWebServerApplicationContext.java:146) ~[spring-boot-3.1.2.jar:3.1.2]
	at org.springframework.boot.SpringApplication.refresh(SpringApplication.java:734) ~[spring-boot-3.1.2.jar:3.1.2]
	at org.springframework.boot.SpringApplication.refreshContext(SpringApplication.java:436) ~[spring-boot-3.1.2.jar:3.1.2]
	at org.springframework.boot.SpringApplication.run(SpringApplication.java:312) ~[spring-boot-3.1.2.jar:3.1.2]
	at org.springframework.boot.SpringApplication.run(SpringApplication.java:1306) ~[spring-boot-3.1.2.jar:3.1.2]
	at org.springframework.boot.SpringApplication.run(SpringApplication.java:1295) ~[spring-boot-3.1.2.jar:3.1.2]
	at com.example.demo.DemoApplication.run(DemoApplication.java:15) ~[classes/:na]
	at com.example.demo.DemoApplication.main(DemoApplication.java:22) ~[classes/:na]
	at java.base/jdk.internal.reflect.NativeMethodAccessorImpl.invoke0(Native Method) ~[na:na]
	at java.base/jdk.internal.reflect.NativeMethodAccessorImpl.invoke(NativeMethodAccessorImpl.java:77) ~[na:na]
	at java.base/jdk.internal.reflect.DelegatingMethodAccessorImpl.invoke(DelegatingMethodAccessorImpl.java:43) ~[na:na]
	at java.base/java.lang.reflect.Method.invoke(Method.java:568) ~[na:na]
	at org.springframework.boot.devtools.restart.RestartLauncher.run(RestartLauncher.java:50) ~[spring-boot-devtools-3.1.2.jar:3.1.2]

2023-09-24T12:49:00.369+05:30  INFO 1100 --- [restartedMain] o.h.e.t.j.p.i.JtaPlatformInitiator       : HHH000490: Using JtaPlatform implementation: [org.hibernate.engine.transaction.jta.platform.internal.NoJtaPlatform]
2023-09-24T12:49:00.539+05:30  INFO 1100 --- [restartedMain] j.LocalContainerEntityManagerFactoryBean : Initialized JPA EntityManagerFactory for persistence unit 'default'
2023-09-24T12:49:01.104+05:30  INFO 1100 --- [restartedMain] o.s.d.j.r.query.QueryEnhancerFactory     : Hibernate is in classpath; If applicable, HQL parser will be used.
2023-09-24T12:49:02.125+05:30  WARN 1100 --- [restartedMain] JpaBaseConfiguration$JpaWebConfiguration : spring.jpa.open-in-view is enabled by default. Therefore, database queries may be performed during view rendering. Explicitly configure spring.jpa.open-in-view to disable this warning
2023-09-24T12:49:02.692+05:30  INFO 1100 --- [restartedMain] o.s.b.d.a.OptionalLiveReloadServer       : LiveReload server is running on port 35729
2023-09-24T12:49:02.791+05:30  INFO 1100 --- [restartedMain] o.s.b.w.embedded.tomcat.TomcatWebServer  : Tomcat started on port(s): 6002 (http) with context path ''
2023-09-24T12:49:02.829+05:30  INFO 1100 --- [restartedMain] com.example.demo.DemoApplication         : Started DemoApplication in 9.852 seconds (process running for 10.811)
2023-09-24T12:55:33.821+05:30  WARN 1100 --- [HikariPool-1 housekeeper] com.zaxxer.hikari.pool.HikariPool        : HikariPool-1 - Thread starvation or clock leap detected (housekeeper delta=4m5s281ms444µs700ns).
2023-09-24T12:55:34.806+05:30  INFO 1100 --- [http-nio-6002-exec-1] o.a.c.c.C.[Tomcat].[localhost].[/]       : Initializing Spring DispatcherServlet 'dispatcherServlet'
2023-09-24T12:55:34.807+05:30  INFO 1100 --- [http-nio-6002-exec-1] o.s.web.servlet.DispatcherServlet        : Initializing Servlet 'dispatcherServlet'
2023-09-24T12:55:34.809+05:30  INFO 1100 --- [http-nio-6002-exec-1] o.s.web.servlet.DispatcherServlet        : Completed initialization in 2 ms
2023-09-24T12:55:35.253+05:30 ERROR 1100 --- [http-nio-6002-exec-2] c.e.demo.serviceImp.StudentServiceImp    : password must be same
2023-09-24T12:55:35.255+05:30 ERROR 1100 --- [http-nio-6002-exec-2] c.e.demo.controller.StudentController    : Exception occur
2023-09-24T12:55:42.706+05:30  INFO 1100 --- [http-nio-6002-exec-3] c.e.demo.serviceImp.StudentServiceImp    : student login
2023-09-24T12:55:42.706+05:30  INFO 1100 --- [http-nio-6002-exec-3] c.e.demo.controller.StudentController    : Student login
2023-09-24T12:55:42.900+05:30  INFO 1100 --- [http-nio-6002-exec-4] c.e.demo.serviceImp.StudentServiceImp    : find student by id
2023-09-24T12:55:42.900+05:30  INFO 1100 --- [http-nio-6002-exec-4] c.e.demo.controller.StudentController    : Student registration
2023-09-24T12:55:42.920+05:30  INFO 1100 --- [http-nio-6002-exec-9] c.e.demo.serviceImp.StudentServiceImp    : find student by id
2023-09-24T12:55:42.920+05:30  INFO 1100 --- [http-nio-6002-exec-9] c.e.demo.controller.StudentController    : Student registration
2023-09-24T12:55:47.281+05:30  INFO 1100 --- [http-nio-6002-exec-6] c.e.demo.serviceImp.CategoryServiceImp   : find all categories
2023-09-24T12:55:47.281+05:30  INFO 1100 --- [http-nio-6002-exec-6] c.e.demo.controller.CategoryController   : fina all categories
2023-09-24T12:55:47.304+05:30  INFO 1100 --- [http-nio-6002-exec-5] c.e.demo.serviceImp.CategoryServiceImp   : find all categories
2023-09-24T12:55:47.304+05:30  INFO 1100 --- [http-nio-6002-exec-5] c.e.demo.controller.CategoryController   : fina all categories
2023-09-24T12:55:57.051+05:30 ERROR 1100 --- [http-nio-6002-exec-7] c.e.demo.serviceImp.CategoryServiceImp   : Category already present
2023-09-24T12:55:57.067+05:30 ERROR 1100 --- [http-nio-6002-exec-7] c.e.demo.controller.CategoryController   : category already present error
2023-09-24T12:56:01.096+05:30  INFO 1100 --- [http-nio-6002-exec-10] c.e.demo.serviceImp.CategoryServiceImp   : save category
2023-09-24T12:56:01.096+05:30  INFO 1100 --- [http-nio-6002-exec-10] c.e.demo.controller.CategoryController   : Adding new category
2023-09-24T12:56:01.171+05:30  INFO 1100 --- [http-nio-6002-exec-1] c.e.demo.serviceImp.CategoryServiceImp   : find all categories
2023-09-24T12:56:01.171+05:30  INFO 1100 --- [http-nio-6002-exec-1] c.e.demo.controller.CategoryController   : fina all categories
2023-09-24T12:56:01.186+05:30  INFO 1100 --- [http-nio-6002-exec-2] c.e.demo.serviceImp.CategoryServiceImp   : find all categories
2023-09-24T12:56:01.186+05:30  INFO 1100 --- [http-nio-6002-exec-2] c.e.demo.controller.CategoryController   : fina all categories
2023-09-24T12:56:06.384+05:30  INFO 1100 --- [http-nio-6002-exec-4] c.e.demo.serviceImp.CategoryServiceImp   : delete category
2023-09-24T12:56:06.391+05:30  INFO 1100 --- [http-nio-6002-exec-4] c.e.demo.controller.CategoryController   : delete category
2023-09-24T12:56:06.415+05:30  INFO 1100 --- [http-nio-6002-exec-9] c.e.demo.serviceImp.CategoryServiceImp   : find all categories
2023-09-24T12:56:06.423+05:30  INFO 1100 --- [http-nio-6002-exec-9] c.e.demo.controller.CategoryController   : fina all categories
2023-09-24T12:56:08.877+05:30  INFO 1100 --- [http-nio-6002-exec-6] c.e.demo.serviceImp.QuizSirviceImp       : Find quiz by category id
2023-09-24T12:56:08.877+05:30  INFO 1100 --- [http-nio-6002-exec-6] c.e.demo.controller.QuizController       : Fina quiz by categoryID
2023-09-24T12:56:08.912+05:30  INFO 1100 --- [http-nio-6002-exec-5] c.e.demo.serviceImp.QuizSirviceImp       : Find quiz by category id
2023-09-24T12:56:08.912+05:30  INFO 1100 --- [http-nio-6002-exec-5] c.e.demo.controller.QuizController       : Fina quiz by categoryID
2023-09-24T12:56:19.290+05:30  INFO 1100 --- [http-nio-6002-exec-7] c.e.demo.serviceImp.QuizSirviceImp       : add question
2023-09-24T12:56:19.290+05:30  INFO 1100 --- [http-nio-6002-exec-7] c.e.demo.controller.QuizController       : Adding Quiz
2023-09-24T12:56:19.350+05:30  INFO 1100 --- [http-nio-6002-exec-10] c.e.demo.serviceImp.QuizSirviceImp       : Find quiz by category id
2023-09-24T12:56:19.351+05:30  INFO 1100 --- [http-nio-6002-exec-10] c.e.demo.controller.QuizController       : Fina quiz by categoryID
2023-09-24T12:56:19.387+05:30  INFO 1100 --- [http-nio-6002-exec-1] c.e.demo.serviceImp.QuizSirviceImp       : Find quiz by category id
2023-09-24T12:56:19.387+05:30  INFO 1100 --- [http-nio-6002-exec-1] c.e.demo.controller.QuizController       : Fina quiz by categoryID
2023-09-24T12:56:25.917+05:30  INFO 1100 --- [http-nio-6002-exec-2] c.e.demo.serviceImp.CategoryServiceImp   : find all categories
2023-09-24T12:56:25.917+05:30  INFO 1100 --- [http-nio-6002-exec-2] c.e.demo.controller.CategoryController   : fina all categories
2023-09-24T12:56:25.935+05:30  INFO 1100 --- [http-nio-6002-exec-3] c.e.demo.serviceImp.CategoryServiceImp   : find all categories
2023-09-24T12:56:25.935+05:30  INFO 1100 --- [http-nio-6002-exec-3] c.e.demo.controller.CategoryController   : fina all categories
2023-09-24T12:56:28.115+05:30  INFO 1100 --- [http-nio-6002-exec-4] c.e.demo.serviceImp.QuizSirviceImp       : Find quiz by category id
2023-09-24T12:56:28.115+05:30  INFO 1100 --- [http-nio-6002-exec-4] c.e.demo.controller.QuizController       : Fina quiz by categoryID
2023-09-24T12:56:28.146+05:30  INFO 1100 --- [http-nio-6002-exec-9] c.e.demo.serviceImp.QuizSirviceImp       : Find quiz by category id
2023-09-24T12:56:28.146+05:30  INFO 1100 --- [http-nio-6002-exec-9] c.e.demo.controller.QuizController       : Fina quiz by categoryID
2023-09-24T12:56:32.603+05:30 ERROR 1100 --- [http-nio-6002-exec-6] c.e.demo.serviceImp.QuestionServiceImp   : wrong question Id,enter a valid Id
2023-09-24T12:56:32.603+05:30 ERROR 1100 --- [http-nio-6002-exec-6] c.e.demo.controller.QuestionsController  : Exception occur
2023-09-24T12:56:32.629+05:30 ERROR 1100 --- [http-nio-6002-exec-5] c.e.demo.serviceImp.QuestionServiceImp   : wrong question Id,enter a valid Id
2023-09-24T12:56:32.629+05:30 ERROR 1100 --- [http-nio-6002-exec-5] c.e.demo.controller.QuestionsController  : Exception occur
2023-09-24T12:57:23.252+05:30  INFO 1100 --- [http-nio-6002-exec-8] c.e.demo.serviceImp.StudentServiceImp    : student login
2023-09-24T12:57:23.252+05:30  INFO 1100 --- [http-nio-6002-exec-8] c.e.demo.controller.StudentController    : Student login
2023-09-24T12:57:23.313+05:30  INFO 1100 --- [http-nio-6002-exec-7] c.e.demo.serviceImp.StudentServiceImp    : find student by id
2023-09-24T12:57:23.314+05:30  INFO 1100 --- [http-nio-6002-exec-7] c.e.demo.controller.StudentController    : Student registration
2023-09-24T12:57:23.343+05:30  INFO 1100 --- [http-nio-6002-exec-10] c.e.demo.serviceImp.StudentServiceImp    : find student by id
2023-09-24T12:57:23.343+05:30  INFO 1100 --- [http-nio-6002-exec-10] c.e.demo.controller.StudentController    : Student registration
2023-09-24T12:57:27.835+05:30  INFO 1100 --- [http-nio-6002-exec-1] c.e.demo.serviceImp.CategoryServiceImp   : find all categories
2023-09-24T12:57:27.835+05:30  INFO 1100 --- [http-nio-6002-exec-1] c.e.demo.controller.CategoryController   : fina all categories
2023-09-24T12:57:27.857+05:30  INFO 1100 --- [http-nio-6002-exec-2] c.e.demo.serviceImp.CategoryServiceImp   : find all categories
2023-09-24T12:57:27.857+05:30  INFO 1100 --- [http-nio-6002-exec-2] c.e.demo.controller.CategoryController   : fina all categories
2023-09-24T12:57:30.001+05:30  INFO 1100 --- [http-nio-6002-exec-3] c.e.demo.serviceImp.QuizSirviceImp       : Find quiz by category id
2023-09-24T12:57:30.001+05:30  INFO 1100 --- [http-nio-6002-exec-3] c.e.demo.controller.QuizController       : Fina quiz by categoryID
2023-09-24T12:57:30.034+05:30  INFO 1100 --- [http-nio-6002-exec-4] c.e.demo.serviceImp.QuizSirviceImp       : Find quiz by category id
2023-09-24T12:57:30.034+05:30  INFO 1100 --- [http-nio-6002-exec-4] c.e.demo.controller.QuizController       : Fina quiz by categoryID
2023-09-24T12:57:32.718+05:30  INFO 1100 --- [http-nio-6002-exec-9] c.e.demo.serviceImp.QuizSirviceImp       : get quiz by id
2023-09-24T12:57:32.718+05:30  INFO 1100 --- [http-nio-6002-exec-9] c.e.demo.controller.QuizController       : get quiz by quiz id
2023-09-24T12:57:32.751+05:30 ERROR 1100 --- [http-nio-6002-exec-6] c.e.demo.serviceImp.QuestionServiceImp   : wrong question Id,enter a valid Id
2023-09-24T12:57:32.751+05:30 ERROR 1100 --- [http-nio-6002-exec-6] c.e.demo.controller.QuestionsController  : Exception occur
2023-09-24T12:57:32.754+05:30  INFO 1100 --- [http-nio-6002-exec-5] c.e.demo.serviceImp.QuizSirviceImp       : get quiz by id
2023-09-24T12:57:32.754+05:30  INFO 1100 --- [http-nio-6002-exec-5] c.e.demo.controller.QuizController       : get quiz by quiz id
2023-09-24T12:57:32.778+05:30 ERROR 1100 --- [http-nio-6002-exec-8] c.e.demo.serviceImp.QuestionServiceImp   : wrong question Id,enter a valid Id
2023-09-24T12:57:32.778+05:30 ERROR 1100 --- [http-nio-6002-exec-8] c.e.demo.controller.QuestionsController  : Exception occur
2023-09-24T12:57:34.945+05:30  INFO 1100 --- [http-nio-6002-exec-7] c.e.demo.serviceImp.QuizSirviceImp       : Find quiz by category id
2023-09-24T12:57:34.945+05:30  INFO 1100 --- [http-nio-6002-exec-7] c.e.demo.controller.QuizController       : Fina quiz by categoryID
2023-09-24T12:57:34.974+05:30  INFO 1100 --- [http-nio-6002-exec-10] c.e.demo.serviceImp.QuizSirviceImp       : Find quiz by category id
2023-09-24T12:57:34.976+05:30  INFO 1100 --- [http-nio-6002-exec-10] c.e.demo.controller.QuizController       : Fina quiz by categoryID
2023-09-24T12:57:38.696+05:30  INFO 1100 --- [http-nio-6002-exec-1] c.e.demo.serviceImp.CategoryServiceImp   : find all categories
2023-09-24T12:57:38.696+05:30  INFO 1100 --- [http-nio-6002-exec-1] c.e.demo.controller.CategoryController   : fina all categories
2023-09-24T12:57:38.721+05:30  INFO 1100 --- [http-nio-6002-exec-2] c.e.demo.serviceImp.CategoryServiceImp   : find all categories
2023-09-24T12:57:38.721+05:30  INFO 1100 --- [http-nio-6002-exec-2] c.e.demo.controller.CategoryController   : fina all categories
2023-09-24T12:57:41.723+05:30  INFO 1100 --- [http-nio-6002-exec-3] c.e.demo.serviceImp.QuizSirviceImp       : Find quiz by category id
2023-09-24T12:57:41.728+05:30  INFO 1100 --- [http-nio-6002-exec-3] c.e.demo.controller.QuizController       : Fina quiz by categoryID
2023-09-24T12:57:41.755+05:30  INFO 1100 --- [http-nio-6002-exec-4] c.e.demo.serviceImp.QuizSirviceImp       : Find quiz by category id
2023-09-24T12:57:41.755+05:30  INFO 1100 --- [http-nio-6002-exec-4] c.e.demo.controller.QuizController       : Fina quiz by categoryID
2023-09-24T12:57:47.121+05:30  INFO 1100 --- [http-nio-6002-exec-9] c.e.demo.serviceImp.CategoryServiceImp   : find all categories
2023-09-24T12:57:47.121+05:30  INFO 1100 --- [http-nio-6002-exec-9] c.e.demo.controller.CategoryController   : fina all categories
2023-09-24T12:57:47.144+05:30  INFO 1100 --- [http-nio-6002-exec-6] c.e.demo.serviceImp.CategoryServiceImp   : find all categories
2023-09-24T12:57:47.144+05:30  INFO 1100 --- [http-nio-6002-exec-6] c.e.demo.controller.CategoryController   : fina all categories
2023-09-24T12:57:48.803+05:30  INFO 1100 --- [http-nio-6002-exec-5] c.e.demo.serviceImp.QuizSirviceImp       : Find quiz by category id
2023-09-24T12:57:48.803+05:30  INFO 1100 --- [http-nio-6002-exec-5] c.e.demo.controller.QuizController       : Fina quiz by categoryID
2023-09-24T12:57:48.832+05:30  INFO 1100 --- [http-nio-6002-exec-8] c.e.demo.serviceImp.QuizSirviceImp       : Find quiz by category id
2023-09-24T12:57:48.836+05:30  INFO 1100 --- [http-nio-6002-exec-8] c.e.demo.controller.QuizController       : Fina quiz by categoryID
2023-09-24T12:57:51.799+05:30  INFO 1100 --- [http-nio-6002-exec-7] c.e.demo.serviceImp.QuizSirviceImp       : get quiz by id
2023-09-24T12:57:51.799+05:30  INFO 1100 --- [http-nio-6002-exec-7] c.e.demo.controller.QuizController       : get quiz by quiz id
2023-09-24T12:57:51.808+05:30  INFO 1100 --- [http-nio-6002-exec-10] c.e.demo.serviceImp.QuestionServiceImp   : find question by question id
2023-09-24T12:57:51.810+05:30  INFO 1100 --- [http-nio-6002-exec-10] c.e.demo.controller.QuestionsController  : Get all questions by quiz id
2023-09-24T12:57:51.824+05:30  INFO 1100 --- [http-nio-6002-exec-1] c.e.demo.serviceImp.QuizSirviceImp       : get quiz by id
2023-09-24T12:57:51.825+05:30  INFO 1100 --- [http-nio-6002-exec-1] c.e.demo.controller.QuizController       : get quiz by quiz id
2023-09-24T12:57:51.840+05:30  INFO 1100 --- [http-nio-6002-exec-2] c.e.demo.serviceImp.QuestionServiceImp   : find question by question id
2023-09-24T12:57:51.840+05:30  INFO 1100 --- [http-nio-6002-exec-2] c.e.demo.controller.QuestionsController  : Get all questions by quiz id
2023-09-24T12:57:59.140+05:30  INFO 1100 --- [http-nio-6002-exec-3] c.e.demo.serviceImp.QuizSirviceImp       : get quiz by id
2023-09-24T12:57:59.140+05:30  INFO 1100 --- [http-nio-6002-exec-3] c.e.demo.controller.QuizController       : get quiz by quiz id
2023-09-24T12:57:59.150+05:30  INFO 1100 --- [http-nio-6002-exec-4] c.e.demo.serviceImp.QuestionServiceImp   : find question by question id
2023-09-24T12:57:59.152+05:30  INFO 1100 --- [http-nio-6002-exec-4] c.e.demo.controller.QuestionsController  : Get all questions by quiz id
2023-09-24T12:57:59.179+05:30  INFO 1100 --- [http-nio-6002-exec-9] c.e.demo.serviceImp.QuizSirviceImp       : get quiz by id
2023-09-24T12:57:59.179+05:30  INFO 1100 --- [http-nio-6002-exec-9] c.e.demo.controller.QuizController       : get quiz by quiz id
2023-09-24T12:57:59.191+05:30  INFO 1100 --- [http-nio-6002-exec-6] c.e.demo.serviceImp.QuestionServiceImp   : find question by question id
2023-09-24T12:57:59.191+05:30  INFO 1100 --- [http-nio-6002-exec-6] c.e.demo.controller.QuestionsController  : Get all questions by quiz id
2023-09-24T12:58:02.871+05:30  INFO 1100 --- [http-nio-6002-exec-8] c.e.demo.serviceImp.ResultServiceImp     : save result
2023-09-24T12:58:02.900+05:30  INFO 1100 --- [http-nio-6002-exec-8] c.e.demo.controller.ResultController     : Adding result
2023-09-24T12:58:02.952+05:30  INFO 1100 --- [http-nio-6002-exec-7] c.e.d.serviceImp.FinalResultServiceImp   : get result by user id
2023-09-24T12:58:02.952+05:30  INFO 1100 --- [http-nio-6002-exec-7] c.e.d.controller.FinalResultController   : get result by student id
2023-09-24T12:58:02.986+05:30  INFO 1100 --- [http-nio-6002-exec-10] c.e.d.serviceImp.FinalResultServiceImp   : get result by user id
2023-09-24T12:58:02.986+05:30  INFO 1100 --- [http-nio-6002-exec-10] c.e.d.controller.FinalResultController   : get result by student id
2023-09-24T12:58:15.700+05:30  INFO 1100 --- [http-nio-6002-exec-1] c.e.demo.serviceImp.CategoryServiceImp   : find all categories
2023-09-24T12:58:15.701+05:30  INFO 1100 --- [http-nio-6002-exec-1] c.e.demo.controller.CategoryController   : fina all categories
2023-09-24T12:58:15.717+05:30  INFO 1100 --- [http-nio-6002-exec-2] c.e.demo.serviceImp.CategoryServiceImp   : find all categories
2023-09-24T12:58:15.720+05:30  INFO 1100 --- [http-nio-6002-exec-2] c.e.demo.controller.CategoryController   : fina all categories
2023-09-24T12:58:18.821+05:30  INFO 1100 --- [http-nio-6002-exec-3] c.e.demo.serviceImp.QuizSirviceImp       : Find quiz by category id
2023-09-24T12:58:18.821+05:30  INFO 1100 --- [http-nio-6002-exec-3] c.e.demo.controller.QuizController       : Fina quiz by categoryID
2023-09-24T12:58:18.854+05:30  INFO 1100 --- [http-nio-6002-exec-4] c.e.demo.serviceImp.QuizSirviceImp       : Find quiz by category id
2023-09-24T12:58:18.854+05:30  INFO 1100 --- [http-nio-6002-exec-4] c.e.demo.controller.QuizController       : Fina quiz by categoryID
2023-09-24T12:58:23.201+05:30  INFO 1100 --- [http-nio-6002-exec-9] c.e.demo.serviceImp.QuizSirviceImp       : get quiz by id
2023-09-24T12:58:23.201+05:30  INFO 1100 --- [http-nio-6002-exec-9] c.e.demo.controller.QuizController       : get quiz by quiz id
2023-09-24T12:58:23.213+05:30  INFO 1100 --- [http-nio-6002-exec-6] c.e.demo.serviceImp.QuestionServiceImp   : find question by question id
2023-09-24T12:58:23.213+05:30  INFO 1100 --- [http-nio-6002-exec-6] c.e.demo.controller.QuestionsController  : Get all questions by quiz id
2023-09-24T12:58:23.229+05:30  INFO 1100 --- [http-nio-6002-exec-5] c.e.demo.serviceImp.QuizSirviceImp       : get quiz by id
2023-09-24T12:58:23.229+05:30  INFO 1100 --- [http-nio-6002-exec-5] c.e.demo.controller.QuizController       : get quiz by quiz id
2023-09-24T12:58:23.237+05:30  INFO 1100 --- [http-nio-6002-exec-8] c.e.demo.serviceImp.QuestionServiceImp   : find question by question id
2023-09-24T12:58:23.237+05:30  INFO 1100 --- [http-nio-6002-exec-8] c.e.demo.controller.QuestionsController  : Get all questions by quiz id
2023-09-24T12:58:28.794+05:30  INFO 1100 --- [http-nio-6002-exec-7] c.e.demo.serviceImp.QuizSirviceImp       : get quiz by id
2023-09-24T12:58:28.794+05:30  INFO 1100 --- [http-nio-6002-exec-7] c.e.demo.controller.QuizController       : get quiz by quiz id
2023-09-24T12:58:28.801+05:30  INFO 1100 --- [http-nio-6002-exec-10] c.e.demo.serviceImp.QuestionServiceImp   : find question by question id
2023-09-24T12:58:28.803+05:30  INFO 1100 --- [http-nio-6002-exec-10] c.e.demo.controller.QuestionsController  : Get all questions by quiz id
2023-09-24T12:58:28.814+05:30  INFO 1100 --- [http-nio-6002-exec-1] c.e.demo.serviceImp.QuizSirviceImp       : get quiz by id
2023-09-24T12:58:28.814+05:30  INFO 1100 --- [http-nio-6002-exec-1] c.e.demo.controller.QuizController       : get quiz by quiz id
2023-09-24T12:58:28.830+05:30  INFO 1100 --- [http-nio-6002-exec-2] c.e.demo.serviceImp.QuestionServiceImp   : find question by question id
2023-09-24T12:58:28.830+05:30  INFO 1100 --- [http-nio-6002-exec-2] c.e.demo.controller.QuestionsController  : Get all questions by quiz id
2023-09-24T12:58:30.608+05:30  INFO 1100 --- [http-nio-6002-exec-3] c.e.demo.serviceImp.ResultServiceImp     : save result
2023-09-24T12:58:30.641+05:30  INFO 1100 --- [http-nio-6002-exec-3] c.e.demo.controller.ResultController     : Adding result
2023-09-24T12:58:30.688+05:30  INFO 1100 --- [http-nio-6002-exec-4] c.e.d.serviceImp.FinalResultServiceImp   : get result by user id
2023-09-24T12:58:30.688+05:30  INFO 1100 --- [http-nio-6002-exec-4] c.e.d.controller.FinalResultController   : get result by student id
2023-09-24T12:58:30.709+05:30  INFO 1100 --- [http-nio-6002-exec-9] c.e.d.serviceImp.FinalResultServiceImp   : get result by user id
2023-09-24T12:58:30.709+05:30  INFO 1100 --- [http-nio-6002-exec-9] c.e.d.controller.FinalResultController   : get result by student id
2023-09-24T13:44:06.945+05:30  WARN 1100 --- [HikariPool-1 housekeeper] com.zaxxer.hikari.pool.HikariPool        : HikariPool-1 - Thread starvation or clock leap detected (housekeeper delta=19m2s703ms378µs300ns).
2023-09-24T15:52:22.543+05:30  WARN 1100 --- [HikariPool-1 housekeeper] com.zaxxer.hikari.pool.HikariPool        : HikariPool-1 - Thread starvation or clock leap detected (housekeeper delta=28m44s324ms730µs400ns).
2023-09-24T15:52:23.931+05:30  INFO 1100 --- [http-nio-6002-exec-7] c.e.d.serviceImp.FinalResultServiceImp   : get result by user id
2023-09-24T15:52:23.931+05:30  INFO 1100 --- [http-nio-6002-exec-7] c.e.d.controller.FinalResultController   : get result by student id
2023-09-24T15:52:23.959+05:30  INFO 1100 --- [http-nio-6002-exec-10] c.e.d.serviceImp.FinalResultServiceImp   : get result by user id
2023-09-24T15:52:23.959+05:30  INFO 1100 --- [http-nio-6002-exec-10] c.e.d.controller.FinalResultController   : get result by student id
2023-09-24T15:52:26.277+05:30  INFO 1100 --- [http-nio-6002-exec-1] c.e.demo.serviceImp.CategoryServiceImp   : find all categories
2023-09-24T15:52:26.277+05:30  INFO 1100 --- [http-nio-6002-exec-1] c.e.demo.controller.CategoryController   : fina all categories
2023-09-24T15:52:26.294+05:30  INFO 1100 --- [http-nio-6002-exec-2] c.e.demo.serviceImp.CategoryServiceImp   : find all categories
2023-09-24T15:52:26.298+05:30  INFO 1100 --- [http-nio-6002-exec-2] c.e.demo.controller.CategoryController   : fina all categories
2023-09-24T15:52:52.228+05:30 ERROR 1100 --- [http-nio-6002-exec-4] c.e.demo.serviceImp.StudentServiceImp    : Email not exist
2023-09-24T15:52:52.228+05:30 ERROR 1100 --- [http-nio-6002-exec-4] c.e.demo.controller.StudentController    : Exception occur
2023-09-24T15:53:01.367+05:30 ERROR 1100 --- [http-nio-6002-exec-9] c.e.demo.serviceImp.StudentServiceImp    : Email not exist
2023-09-24T15:53:01.367+05:30 ERROR 1100 --- [http-nio-6002-exec-9] c.e.demo.controller.StudentController    : Exception occur
2023-09-24T15:53:30.357+05:30  INFO 1100 --- [http-nio-6002-exec-8] c.e.demo.serviceImp.StudentServiceImp    : student login
2023-09-24T15:53:30.357+05:30  INFO 1100 --- [http-nio-6002-exec-8] c.e.demo.controller.StudentController    : Student login
2023-09-24T15:53:30.427+05:30  INFO 1100 --- [http-nio-6002-exec-5] c.e.demo.serviceImp.StudentServiceImp    : find student by id
2023-09-24T15:53:30.427+05:30  INFO 1100 --- [http-nio-6002-exec-5] c.e.demo.controller.StudentController    : Student registration
2023-09-24T15:53:30.443+05:30  INFO 1100 --- [http-nio-6002-exec-6] c.e.demo.serviceImp.StudentServiceImp    : find student by id
2023-09-24T15:53:30.447+05:30  INFO 1100 --- [http-nio-6002-exec-6] c.e.demo.controller.StudentController    : Student registration
2023-09-24T16:02:25.508+05:30  INFO 1100 --- [http-nio-6002-exec-10] c.e.demo.serviceImp.StudentServiceImp    : find student by id
2023-09-24T16:02:25.508+05:30  INFO 1100 --- [http-nio-6002-exec-10] c.e.demo.controller.StudentController    : Student registration
2023-09-24T16:02:25.521+05:30  INFO 1100 --- [http-nio-6002-exec-1] c.e.demo.serviceImp.StudentServiceImp    : find student by id
2023-09-24T16:02:25.521+05:30  INFO 1100 --- [http-nio-6002-exec-1] c.e.demo.controller.StudentController    : Student registration
2023-09-24T16:02:30.191+05:30  INFO 1100 --- [http-nio-6002-exec-3] c.e.demo.serviceImp.StudentServiceImp    : update student
2023-09-24T16:02:30.191+05:30  INFO 1100 --- [http-nio-6002-exec-3] c.e.demo.controller.StudentController    : Updatation of student
2023-09-24T16:02:30.232+05:30  INFO 1100 --- [http-nio-6002-exec-4] c.e.demo.serviceImp.StudentServiceImp    : find student by id
2023-09-24T16:02:30.232+05:30  INFO 1100 --- [http-nio-6002-exec-4] c.e.demo.controller.StudentController    : Student registration
2023-09-24T16:02:30.247+05:30  INFO 1100 --- [http-nio-6002-exec-4] c.e.demo.serviceImp.StudentServiceImp    : find student by id
2023-09-24T16:02:30.247+05:30  INFO 1100 --- [http-nio-6002-exec-4] c.e.demo.controller.StudentController    : Student registration
2023-09-24T16:03:15.297+05:30  INFO 1100 --- [http-nio-6002-exec-9] c.e.demo.serviceImp.StudentServiceImp    : find student by id
2023-09-24T16:03:15.298+05:30  INFO 1100 --- [http-nio-6002-exec-9] c.e.demo.controller.StudentController    : Student registration
2023-09-24T16:03:15.310+05:30  INFO 1100 --- [http-nio-6002-exec-8] c.e.demo.serviceImp.StudentServiceImp    : find student by id
2023-09-24T16:03:15.310+05:30  INFO 1100 --- [http-nio-6002-exec-8] c.e.demo.controller.StudentController    : Student registration
2023-09-24T16:03:27.585+05:30  INFO 1100 --- [http-nio-6002-exec-5] c.e.demo.serviceImp.StudentServiceImp    : update student
2023-09-24T16:03:27.586+05:30  INFO 1100 --- [http-nio-6002-exec-5] c.e.demo.controller.StudentController    : Updatation of student
2023-09-24T16:03:27.632+05:30  INFO 1100 --- [http-nio-6002-exec-6] c.e.demo.serviceImp.StudentServiceImp    : find student by id
2023-09-24T16:03:27.632+05:30  INFO 1100 --- [http-nio-6002-exec-6] c.e.demo.controller.StudentController    : Student registration
2023-09-24T16:03:27.643+05:30  INFO 1100 --- [http-nio-6002-exec-7] c.e.demo.serviceImp.StudentServiceImp    : find student by id
2023-09-24T16:03:27.643+05:30  INFO 1100 --- [http-nio-6002-exec-7] c.e.demo.controller.StudentController    : Student registration
2023-09-24T16:03:45.707+05:30  INFO 1100 --- [http-nio-6002-exec-10] c.e.demo.serviceImp.StudentServiceImp    : find student by id
2023-09-24T16:03:45.707+05:30  INFO 1100 --- [http-nio-6002-exec-10] c.e.demo.controller.StudentController    : Student registration
2023-09-24T16:03:45.718+05:30  INFO 1100 --- [http-nio-6002-exec-1] c.e.demo.serviceImp.StudentServiceImp    : find student by id
2023-09-24T16:03:45.718+05:30  INFO 1100 --- [http-nio-6002-exec-1] c.e.demo.controller.StudentController    : Student registration
2023-09-24T16:03:51.945+05:30  INFO 1100 --- [http-nio-6002-exec-2] c.e.demo.serviceImp.StudentServiceImp    : update student
2023-09-24T16:03:51.946+05:30  INFO 1100 --- [http-nio-6002-exec-2] c.e.demo.controller.StudentController    : Updatation of student
2023-09-24T16:03:51.993+05:30  INFO 1100 --- [http-nio-6002-exec-3] c.e.demo.serviceImp.StudentServiceImp    : find student by id
2023-09-24T16:03:51.993+05:30  INFO 1100 --- [http-nio-6002-exec-3] c.e.demo.controller.StudentController    : Student registration
2023-09-24T16:03:52.007+05:30  INFO 1100 --- [http-nio-6002-exec-4] c.e.demo.serviceImp.StudentServiceImp    : find student by id
2023-09-24T16:03:52.007+05:30  INFO 1100 --- [http-nio-6002-exec-4] c.e.demo.controller.StudentController    : Student registration
2023-09-24T16:06:22.869+05:30  INFO 1100 --- [File Watcher] rtingClassPathChangeChangedEventListener : Restarting due to 60 class path changes (0 additions, 59 deletions, 1 modification)
2023-09-24T16:06:22.893+05:30  INFO 1100 --- [Thread-5] o.apache.catalina.core.StandardService   : Stopping service [Tomcat]
2023-09-24T16:06:22.909+05:30  INFO 1100 --- [Thread-5] o.a.c.c.C.[Tomcat].[localhost].[/]       : Destroying Spring FrameworkServlet 'dispatcherServlet'
2023-09-24T16:06:22.927+05:30  INFO 1100 --- [Thread-5] j.LocalContainerEntityManagerFactoryBean : Closing JPA EntityManagerFactory for persistence unit 'default'
2023-09-24T16:06:22.940+05:30  INFO 1100 --- [Thread-5] com.zaxxer.hikari.HikariDataSource       : HikariPool-1 - Shutdown initiated...
2023-09-24T16:06:22.959+05:30  INFO 1100 --- [Thread-5] com.zaxxer.hikari.HikariDataSource       : HikariPool-1 - Shutdown completed.
2023-09-24T16:06:23.227+05:30  INFO 1100 --- [restartedMain] com.example.demo.DemoApplication         : Starting DemoApplication using Java 17.0.8 with PID 1100 (D:\Assignment-repo\Capstrone\AssessmentBackEnd\demo\target\classes started by Komati Satya in D:\Assignment-repo\Capstrone\AssessmentBackEnd\demo)
2023-09-24T16:06:23.231+05:30  INFO 1100 --- [restartedMain] com.example.demo.DemoApplication         : No active profile set, falling back to 1 default profile: "default"
2023-09-24T16:06:23.898+05:30  INFO 1100 --- [restartedMain] .s.d.r.c.RepositoryConfigurationDelegate : Bootstrapping Spring Data JPA repositories in DEFAULT mode.
2023-09-24T16:06:23.898+05:30  INFO 1100 --- [restartedMain] .s.d.r.c.RepositoryConfigurationDelegate : Finished Spring Data repository scanning in 3 ms. Found 0 JPA repository interfaces.
2023-09-24T16:06:24.401+05:30  INFO 1100 --- [restartedMain] o.s.b.w.embedded.tomcat.TomcatWebServer  : Tomcat initialized with port(s): 6002 (http)
2023-09-24T16:06:24.413+05:30  INFO 1100 --- [restartedMain] o.apache.catalina.core.StandardService   : Starting service [Tomcat]
2023-09-24T16:06:24.413+05:30  INFO 1100 --- [restartedMain] o.apache.catalina.core.StandardEngine    : Starting Servlet engine: [Apache Tomcat/10.1.11]
2023-09-24T16:06:24.583+05:30  INFO 1100 --- [restartedMain] o.a.c.c.C.[Tomcat].[localhost].[/]       : Initializing Spring embedded WebApplicationContext
2023-09-24T16:06:24.583+05:30  INFO 1100 --- [restartedMain] w.s.c.ServletWebServerApplicationContext : Root WebApplicationContext: initialization completed in 1344 ms
2023-09-24T16:06:24.782+05:30  INFO 1100 --- [restartedMain] o.hibernate.jpa.internal.util.LogHelper  : HHH000204: Processing PersistenceUnitInfo [name: default]
2023-09-24T16:06:24.819+05:30  INFO 1100 --- [restartedMain] o.h.b.i.BytecodeProviderInitiator        : HHH000021: Bytecode provider name : bytebuddy
2023-09-24T16:06:24.819+05:30  INFO 1100 --- [restartedMain] o.s.o.j.p.SpringPersistenceUnitInfo      : No LoadTimeWeaver setup: ignoring JPA class transformer
2023-09-24T16:06:24.824+05:30  INFO 1100 --- [restartedMain] com.zaxxer.hikari.HikariDataSource       : HikariPool-2 - Starting...
2023-09-24T16:06:25.003+05:30  INFO 1100 --- [restartedMain] com.zaxxer.hikari.pool.HikariPool        : HikariPool-2 - Added connection org.postgresql.jdbc.PgConnection@b317d04
2023-09-24T16:06:25.003+05:30  INFO 1100 --- [restartedMain] com.zaxxer.hikari.HikariDataSource       : HikariPool-2 - Start completed.
2023-09-24T16:06:25.034+05:30  INFO 1100 --- [restartedMain] o.h.b.i.BytecodeProviderInitiator        : HHH000021: Bytecode provider name : bytebuddy
2023-09-24T16:06:25.051+05:30  INFO 1100 --- [restartedMain] o.h.e.t.j.p.i.JtaPlatformInitiator       : HHH000490: Using JtaPlatform implementation: [org.hibernate.engine.transaction.jta.platform.internal.NoJtaPlatform]
2023-09-24T16:06:25.051+05:30  INFO 1100 --- [restartedMain] j.LocalContainerEntityManagerFactoryBean : Initialized JPA EntityManagerFactory for persistence unit 'default'
2023-09-24T16:06:25.154+05:30  WARN 1100 --- [restartedMain] JpaBaseConfiguration$JpaWebConfiguration : spring.jpa.open-in-view is enabled by default. Therefore, database queries may be performed during view rendering. Explicitly configure spring.jpa.open-in-view to disable this warning
2023-09-24T16:06:25.526+05:30  INFO 1100 --- [restartedMain] o.s.b.d.a.OptionalLiveReloadServer       : LiveReload server is running on port 35729
2023-09-24T16:06:25.559+05:30  INFO 1100 --- [restartedMain] o.s.b.w.embedded.tomcat.TomcatWebServer  : Tomcat started on port(s): 6002 (http) with context path ''
2023-09-24T16:06:25.574+05:30  INFO 1100 --- [restartedMain] com.example.demo.DemoApplication         : Started DemoApplication in 2.452 seconds (process running for 11853.558)
2023-09-24T16:06:25.582+05:30  INFO 1100 --- [restartedMain] .ConditionEvaluationDeltaLoggingListener : Condition evaluation unchanged
2023-09-24T16:06:30.280+05:30  INFO 1100 --- [File Watcher] rtingClassPathChangeChangedEventListener : Restarting due to 56 class path changes (56 additions, 0 deletions, 0 modifications)
2023-09-24T16:06:30.313+05:30  INFO 1100 --- [Thread-7] o.apache.catalina.core.StandardService   : Stopping service [Tomcat]
2023-09-24T16:06:30.330+05:30  INFO 1100 --- [Thread-7] j.LocalContainerEntityManagerFactoryBean : Closing JPA EntityManagerFactory for persistence unit 'default'
2023-09-24T16:06:30.338+05:30  INFO 1100 --- [Thread-7] com.zaxxer.hikari.HikariDataSource       : HikariPool-2 - Shutdown initiated...
2023-09-24T16:06:30.346+05:30  INFO 1100 --- [Thread-7] com.zaxxer.hikari.HikariDataSource       : HikariPool-2 - Shutdown completed.
